This is pdfTeX, Version 3.14159265-2.6-1.40.21 (MiKTeX 2.9.7380 64-bit) (preloaded format=pdflatex 2020.11.13)  20 FEB 2021 00:03
entering extended mode
**./ing_protes.tex
(ing_protes.tex
LaTeX2e <2020-02-02> patch level 5
L3 programming layer <2020-03-06>
("C:\Users\Juanma\AppData\Local\Programs\MiKTeX 2.9\tex/latex/base\article.cls"
Document Class: article 2019/12/20 v1.4l Standard LaTeX document class
("C:\Users\Juanma\AppData\Local\Programs\MiKTeX 2.9\tex/latex/base\size12.clo"
File: size12.clo 2019/12/20 v1.4l Standard LaTeX file (size option)
)
\c@part=\count167
\c@section=\count168
\c@subsection=\count169
\c@subsubsection=\count170
\c@paragraph=\count171
\c@subparagraph=\count172
\c@figure=\count173
\c@table=\count174
\abovecaptionskip=\skip47
\belowcaptionskip=\skip48
\bibindent=\dimen134
)
("C:\Users\Juanma\AppData\Local\Programs\MiKTeX 2.9\tex/generic/babel\babel.sty
"
Package: babel 2020/03/22 3.42 The Babel package

("C:\Users\Juanma\AppData\Local\Programs\MiKTeX 2.9\tex/generic/babel\switch.de
f"
File: switch.def 2020/03/22 3.42 Babel switching mechanism
)
*************************************
* Local config file bblopts.cfg used
*
("C:\Users\Juanma\AppData\Local\Programs\MiKTeX 2.9\tex/latex/arabi\bblopts.cfg
"
File: bblopts.cfg 2005/09/08 v0.1 add Arabic and Farsi to "declared" options of
 babel
)
("C:\Users\Juanma\AppData\Local\Programs\MiKTeX 2.9\tex/latex/babel-spanish\spa
nish.ldf"
Language: spanish.ldf 2016/03/03 v5.0p Spanish support from the babel system

("C:\Users\Juanma\AppData\Local\Programs\MiKTeX 2.9\tex/generic/babel\babel.def
"
File: babel.def 2020/03/22 3.42 Babel common definitions
\babel@savecnt=\count175
\U@D=\dimen135

("C:\Users\Juanma\AppData\Local\Programs\MiKTeX 2.9\tex/generic/babel\txtbabel.
def")
\bbl@readstream=\read2
\bbl@dirlevel=\count176
)
\es@quottoks=\toks15
\es@quotdepth=\count177
Package babel Info: Making " an active character on input line 561.
Package babel Info: Making . an active character on input line 662.
Package babel Info: Making < an active character on input line 707.
Package babel Info: Making > an active character on input line 707.
))
("C:\Users\Juanma\AppData\Local\Programs\MiKTeX 2.9\tex/latex/base\inputenc.sty
"
Package: inputenc 2018/08/11 v1.3c Input encoding file
\inpenc@prehook=\toks16
\inpenc@posthook=\toks17
)
("C:\Users\Juanma\AppData\Local\Programs\MiKTeX 2.9\tex/latex/apacite\apacite.s
ty"
Package: apacite 2013/07/21 v6.03 APA citation
\c@BibCnt=\count178
\bibleftmargin=\skip49
\bibindent=\skip50
\bibparsep=\skip51
\bibitemsep=\skip52
\biblabelsep=\skip53
)
("C:\Users\Juanma\AppData\Local\Programs\MiKTeX 2.9\tex/latex/graphics\graphicx
.sty"
Package: graphicx 2019/11/30 v1.2a Enhanced LaTeX Graphics (DPC,SPQR)

("C:\Users\Juanma\AppData\Local\Programs\MiKTeX 2.9\tex/latex/graphics\keyval.s
ty"
Package: keyval 2014/10/28 v1.15 key=value parser (DPC)
\KV@toks@=\toks18
)
("C:\Users\Juanma\AppData\Local\Programs\MiKTeX 2.9\tex/latex/graphics\graphics
.sty"
Package: graphics 2019/11/30 v1.4a Standard LaTeX Graphics (DPC,SPQR)

("C:\Users\Juanma\AppData\Local\Programs\MiKTeX 2.9\tex/latex/graphics\trig.sty
"
Package: trig 2016/01/03 v1.10 sin cos tan (DPC)
)
("C:\Users\Juanma\AppData\Local\Programs\MiKTeX 2.9\tex/latex/graphics-cfg\grap
hics.cfg"
File: graphics.cfg 2016/06/04 v1.11 sample graphics configuration
)
Package graphics Info: Driver file: pdftex.def on input line 105.

("C:\Users\Juanma\AppData\Local\Programs\MiKTeX 2.9\tex/latex/graphics-def\pdft
ex.def"
File: pdftex.def 2018/01/08 v1.0l Graphics/color driver for pdftex
))
\Gin@req@height=\dimen136
\Gin@req@width=\dimen137
)
("C:\Users\Juanma\AppData\Local\Programs\MiKTeX 2.9\tex/latex/float\float.sty"
Package: float 2001/11/08 v1.3d Float enhancements (AL)
\c@float@type=\count179
\float@exts=\toks19
\float@box=\box45
\@float@everytoks=\toks20
\@floatcapt=\box46
) ("C:\Users\Juanma\AppData\Local\Programs\MiKTeX 2.9\tex/latex/url\url.sty"
\Urlmuskip=\muskip16
Package: url 2013/09/16  ver 3.4  Verb mode for urls, etc.
)
("C:\Users\Juanma\AppData\Local\Programs\MiKTeX 2.9\tex/latex/caption\caption.s
ty"
Package: caption 2020/01/03 v3.4h Customizing captions (AR)

("C:\Users\Juanma\AppData\Local\Programs\MiKTeX 2.9\tex/latex/caption\caption3.
sty"
Package: caption3 2020/01/03 v1.8h caption3 kernel (AR)
Package caption3 Info: TeX engine: e-TeX on input line 61.
\captionmargin=\dimen138
\captionmargin@=\dimen139
\captionwidth=\dimen140
\caption@tempdima=\dimen141
\caption@indent=\dimen142
\caption@parindent=\dimen143
\caption@hangindent=\dimen144
Package caption Info: Standard document class detected.
)
\c@caption@flags=\count180
\c@continuedfloat=\count181
Package caption Info: float package is loaded.
)
("C:\Users\Juanma\AppData\Local\Programs\MiKTeX 2.9\tex/latex/caption\subcaptio
n.sty"
Package: subcaption 2020/01/22 v1.3d Sub-captions (AR)
\c@subfigure=\count182
\c@subtable=\count183
)
("C:\Users\Juanma\AppData\Local\Programs\MiKTeX 2.9\tex/latex/l3backend\l3backe
nd-pdfmode.def"
File: l3backend-pdfmode.def 2020-03-12 L3 backend support: PDF mode
\l__kernel_color_stack_int=\count184
\l__pdf_internal_box=\box47
) (ing_protes.aux
LaTeX Info: Redefining \. on input line 7.
LaTeX Info: Redefining \% on input line 7.
)
\openout1 = `ing_protes.aux'.

LaTeX Font Info:    Checking defaults for OML/cmm/m/it on input line 17.
LaTeX Font Info:    ... okay on input line 17.
LaTeX Font Info:    Checking defaults for OMS/cmsy/m/n on input line 17.
LaTeX Font Info:    ... okay on input line 17.
LaTeX Font Info:    Checking defaults for OT1/cmr/m/n on input line 17.
LaTeX Font Info:    ... okay on input line 17.
LaTeX Font Info:    Checking defaults for T1/cmr/m/n on input line 17.
LaTeX Font Info:    ... okay on input line 17.
LaTeX Font Info:    Checking defaults for TS1/cmr/m/n on input line 17.
LaTeX Font Info:    ... okay on input line 17.
LaTeX Font Info:    Checking defaults for OMX/cmex/m/n on input line 17.
LaTeX Font Info:    ... okay on input line 17.
LaTeX Font Info:    Checking defaults for U/cmr/m/n on input line 17.
LaTeX Font Info:    ... okay on input line 17.
LaTeX Info: Redefining \. on input line 17.
LaTeX Info: Redefining \% on input line 17.
\c@maskedRefs=\count185

("C:\Users\Juanma\AppData\Local\Programs\MiKTeX 2.9\tex/latex/apacite\spanish.a
pc"
File: spanish.apc 2013/07/21 v6.03 apacite language file
LaTeX Info: Redefining \BPBI on input line 138.
LaTeX Info: Redefining \BHBI on input line 139.
)
("C:\Users\Juanma\AppData\Local\Programs\MiKTeX 2.9\tex/context/base/mkii\supp-
pdf.mkii"
[Loading MPS to PDF converter (version 2006.09.02).]
\scratchcounter=\count186
\scratchdimen=\dimen145
\scratchbox=\box48
\nofMPsegments=\count187
\nofMParguments=\count188
\everyMPshowfont=\toks21
\MPscratchCnt=\count189
\MPscratchDim=\dimen146
\MPnumerator=\count190
\makeMPintoPDFobject=\count191
\everyMPtoPDFconversion=\toks22
)
("C:\Users\Juanma\AppData\Local\Programs\MiKTeX 2.9\tex/latex/epstopdf-pkg\epst
opdf-base.sty"
Package: epstopdf-base 2020-01-24 v2.11 Base part for package epstopdf
Package epstopdf-base Info: Redefining graphics rule for `.eps' on input line 4
85.
)
Package caption Info: Begin \AtBeginDocument code.
Package caption Info: End \AtBeginDocument code.
LaTeX Font Info:    External font `cmex10' loaded for size
(Font)              <14.4> on input line 20.
LaTeX Font Info:    External font `cmex10' loaded for size
(Font)              <7> on input line 20.
<logo.png, id=1, 538.01pt x 506.89375pt>
File: logo.png Graphic file (type png)
<use logo.png>
Package pdftex.def Info: logo.png  used on input line 23.
(pdftex.def)             Requested size: 269.00433pt x 253.44626pt.
 [1

{C:/Users/Juanma/AppData/Local/MiKTeX/2.9/pdftex/config/pdftex.map} <./logo.png
>] (ing_protes.toc
LaTeX Info: Redefining \. on input line 1.
LaTeX Info: Redefining \% on input line 1.
LaTeX Font Info:    External font `cmex10' loaded for size
(Font)              <12> on input line 4.
LaTeX Font Info:    External font `cmex10' loaded for size
(Font)              <8> on input line 4.
LaTeX Font Info:    External font `cmex10' loaded for size
(Font)              <6> on input line 4.
)
\tf@toc=\write3
\openout3 = `ing_protes.toc'.

 [2]
<Screenshot_1.png, id=14, 663.22781pt x 226.59656pt>
File: Screenshot_1.png Graphic file (type png)
<use Screenshot_1.png>
Package pdftex.def Info: Screenshot_1.png  used on input line 34.
(pdftex.def)             Requested size: 397.93976pt x 110.3513pt.

Overfull \hbox (7.93976pt too wide) in paragraph at lines 34--35
 [][] 
 []


Underfull \hbox (badness 10000) in paragraph at lines 36--38

 []


Underfull \hbox (badness 10000) in paragraph at lines 39--41

 []

<Screenshot_2.png, id=16, 1017.8025pt x 441.14813pt>
File: Screenshot_2.png Graphic file (type png)
<use Screenshot_2.png>
Package pdftex.def Info: Screenshot_2.png  used on input line 45.
(pdftex.def)             Requested size: 407.1138pt x 162.79907pt.

Overfull \hbox (17.1138pt too wide) in paragraph at lines 45--46
[][]  
 []

[3 <./Screenshot_1.png>]
Underfull \hbox (badness 10000) in paragraph at lines 47--49

 []

<Screenshot_3.png, id=23, 1017.04968pt x 313.9228pt>
File: Screenshot_3.png Graphic file (type png)
<use Screenshot_3.png>
Package pdftex.def Info: Screenshot_3.png  used on input line 54.
(pdftex.def)             Requested size: 457.66812pt x 102.85309pt.

Overfull \hbox (67.66812pt too wide) in paragraph at lines 54--55
[][]  
 []


Underfull \hbox (badness 10000) in paragraph at lines 50--55

 []


Underfull \hbox (badness 10000) in paragraph at lines 56--58

 []

<Screenshot_4.png, id=25, 1018.55531pt x 312.41719pt>
File: Screenshot_4.png Graphic file (type png)
<use Screenshot_4.png>
Package pdftex.def Info: Screenshot_4.png  used on input line 63.
(pdftex.def)             Requested size: 407.4149pt x 124.96465pt.

Overfull \hbox (17.4149pt too wide) in paragraph at lines 63--64
 [][] 
 []


Underfull \hbox (badness 10000) in paragraph at lines 59--64

 []

[4 <./Screenshot_2.png> <./Screenshot_3.png>]
Underfull \hbox (badness 10000) in paragraph at lines 65--67

 []


Underfull \hbox (badness 10000) in paragraph at lines 68--70

 []


Underfull \hbox (badness 10000) in paragraph at lines 71--73

 []

<Screenshot_10.png, id=33, 1024.57782pt x 508.90125pt>
File: Screenshot_10.png Graphic file (type png)
<use Screenshot_10.png>
Package pdftex.def Info: Screenshot_10.png  used on input line 76.
(pdftex.def)             Requested size: 467.99881pt x 232.45119pt.

Overfull \hbox (77.99881pt too wide) in paragraph at lines 76--77
 [][] 
 []

[5 <./Screenshot_4.png>]
Underfull \hbox (badness 10000) in paragraph at lines 78--80

 []

<Screenshot_5.png, id=38, 1019.30812pt x 401.24907pt>
File: Screenshot_5.png Graphic file (type png)
<use Screenshot_5.png>
Package pdftex.def Info: Screenshot_5.png  used on input line 83.
(pdftex.def)             Requested size: 467.99881pt x 184.22781pt.

Overfull \hbox (77.99881pt too wide) in paragraph at lines 83--84
 [][] 
 []


Underfull \hbox (badness 10000) in paragraph at lines 85--87

 []

[6 <./Screenshot_10.png> <./Screenshot_5.png>]
<Screenshot_6.png, id=44, 663.98062pt x 168.63pt>
File: Screenshot_6.png Graphic file (type png)
<use Screenshot_6.png>
Package pdftex.def Info: Screenshot_6.png  used on input line 90.
(pdftex.def)             Requested size: 398.39143pt x 101.17877pt.

Overfull \hbox (8.39143pt too wide) in paragraph at lines 90--91
 [][] 
 []


Underfull \hbox (badness 10000) in paragraph at lines 95--97

 []


Underfull \hbox (badness 10000) in paragraph at lines 99--101

 []

[7 <./Screenshot_6.png>]
Underfull \hbox (badness 10000) in paragraph at lines 102--104

 []


Underfull \hbox (badness 10000) in paragraph at lines 107--109

 []


Underfull \hbox (badness 10000) in paragraph at lines 110--112

 []


Underfull \hbox (badness 10000) in paragraph at lines 113--115

 []


Underfull \hbox (badness 10000) in paragraph at lines 116--118

 []

[8]
Underfull \hbox (badness 10000) in paragraph at lines 119--121

 []


Underfull \hbox (badness 10000) in paragraph at lines 122--124

 []


Underfull \hbox (badness 10000) in paragraph at lines 125--127

 []


Overfull \hbox (3.2515pt too wide) in paragraph at lines 128--130
[]\OT1/cmr/m/n/12 Para com-pro-bar es-ta in-for-ma-cion po-de-mos uti-li-zar l
a he-rra-mien-ta BLAST,
 []


Underfull \hbox (badness 10000) in paragraph at lines 128--130

 []

<Screenshot_7.png, id=53, 1011.78pt x 258.21469pt>
File: Screenshot_7.png Graphic file (type png)
<use Screenshot_7.png>
Package pdftex.def Info: Screenshot_7.png  used on input line 133.
(pdftex.def)             Requested size: 467.99881pt x 119.43817pt.

Overfull \hbox (77.99881pt too wide) in paragraph at lines 133--134
 [][] 
 []

[9]
<Screenshot_8.png, id=57, 947.03813pt x 400.49625pt>
File: Screenshot_8.png Graphic file (type png)
<use Screenshot_8.png>
Package pdftex.def Info: Screenshot_8.png  used on input line 140.
(pdftex.def)             Requested size: 467.99881pt x 197.9132pt.

Overfull \hbox (77.99881pt too wide) in paragraph at lines 140--141
 [][] 
 []


Underfull \hbox (badness 10000) in paragraph at lines 136--141

 []

<Screenshot_9.png, id=58, 970.3753pt x 398.99063pt>
File: Screenshot_9.png Graphic file (type png)
<use Screenshot_9.png>
Package pdftex.def Info: Screenshot_9.png  used on input line 147.
(pdftex.def)             Requested size: 467.99881pt x 192.43263pt.

Overfull \hbox (77.99881pt too wide) in paragraph at lines 147--148
 [][] 
 []

[10 <./Screenshot_7.png> <./Screenshot_8.png>]
Underfull \hbox (badness 10000) in paragraph at lines 150--152

 []


Underfull \hbox (badness 10000) in paragraph at lines 153--155

 []

<fig2.jpg, id=64, 1124.2pt x 1068.72pt>
File: fig2.jpg Graphic file (type jpg)
<use fig2.jpg>
Package pdftex.def Info: fig2.jpg  used on input line 159.
(pdftex.def)             Requested size: 311.99492pt x 341.42664pt.
[11 <./Screenshot_9.png>]
Underfull \hbox (badness 10000) in paragraph at lines 163--165

 []

<fig3.jpg, id=69, 1468.76pt x 976.74pt>
File: fig3.jpg Graphic file (type jpg)
<use fig3.jpg>
Package pdftex.def Info: fig3.jpg  used on input line 168.
(pdftex.def)             Requested size: 312.00119pt x 207.47626pt.
[12 <./fig2.jpg>]
Underfull \hbox (badness 10000) in paragraph at lines 181--183

 []

[13 <./fig3.jpg>]
<Screenshot_12.png, id=78, 435.87843pt x 296.60812pt>
File: Screenshot_12.png Graphic file (type png)
<use Screenshot_12.png>
Package pdftex.def Info: Screenshot_12.png  used on input line 188.
(pdftex.def)             Requested size: 390.0pt x 265.38794pt.
<Screenshot_13.png, id=79, 557.08125pt x 317.68687pt>
File: Screenshot_13.png Graphic file (type png)
<use Screenshot_13.png>
Package pdftex.def Info: Screenshot_13.png  used on input line 194.
(pdftex.def)             Requested size: 390.0pt x 222.40837pt.
 [14 <./Screenshot_12.png>]
<Screenshot_18.png, id=84, 172.39406pt x 139.27031pt>
File: Screenshot_18.png Graphic file (type png)
<use Screenshot_18.png>
Package pdftex.def Info: Screenshot_18.png  used on input line 200.
(pdftex.def)             Requested size: 192.21983pt x 155.28676pt.
<Screenshot_19.png, id=85, 173.89969pt x 154.32657pt>
File: Screenshot_19.png Graphic file (type png)
<use Screenshot_19.png>
Package pdftex.def Info: Screenshot_19.png  used on input line 201.
(pdftex.def)             Requested size: 173.89925pt x 154.32617pt.

Underfull \hbox (badness 10000) in paragraph at lines 209--211

 []

[15 <./Screenshot_13.png> <./Screenshot_18.png> <./Screenshot_19.png>]
<Screenshot_11.png, id=92, 420.82219pt x 438.8897pt>
File: Screenshot_11.png Graphic file (type png)
<use Screenshot_11.png>
Package pdftex.def Info: Screenshot_11.png  used on input line 219.
(pdftex.def)             Requested size: 351.0032pt x 341.4419pt.
 [16]
<Screenshot_15.png, id=96, 581.17125pt x 361.35pt>
File: Screenshot_15.png Graphic file (type png)
<use Screenshot_15.png>
Package pdftex.def Info: Screenshot_15.png  used on input line 225.
(pdftex.def)             Requested size: 390.00346pt x 227.62413pt.
<Screenshot_16.png, id=97, 562.35094pt x 364.36125pt>
File: Screenshot_16.png Graphic file (type png)
<use Screenshot_16.png>
Package pdftex.def Info: Screenshot_16.png  used on input line 226.
(pdftex.def)             Requested size: 389.99614pt x 227.61958pt.

[17 <./Screenshot_11.png>]
Underfull \hbox (badness 10000) in paragraph at lines 230--232

 []

[18 <./Screenshot_15.png> <./Screenshot_16.png>]
Underfull \hbox (badness 10000) in paragraph at lines 236--238

 []


Underfull \hbox (badness 10000) in paragraph at lines 239--241

 []


Underfull \hbox (badness 10000) in paragraph at lines 242--244

 []

[19]
<Screenshot_20.png, id=111, 333.49594pt x 348.55219pt>
File: Screenshot_20.png Graphic file (type png)
<use Screenshot_20.png>
Package pdftex.def Info: Screenshot_20.png  used on input line 248.
(pdftex.def)             Requested size: 266.7971pt x 278.8421pt.

Underfull \hbox (badness 10000) in paragraph at lines 255--257

 []

[20 <./Screenshot_20.png>]
Underfull \hbox (badness 10000) in paragraph at lines 258--260

 []


Underfull \hbox (badness 10000) in paragraph at lines 261--263

 []


Underfull \hbox (badness 10000) in paragraph at lines 264--266

 []


Underfull \hbox (badness 10000) in paragraph at lines 267--269

 []

[21]
Underfull \hbox (badness 10000) in paragraph at lines 271--273

 []


Underfull \hbox (badness 10000) in paragraph at lines 274--276

 []

<Screenshot_22.png, id=119, 715.92468pt x 307.90031pt>
File: Screenshot_22.png Graphic file (type png)
<use Screenshot_22.png>
Package pdftex.def Info: Screenshot_22.png  used on input line 279.
(pdftex.def)             Requested size: 465.34552pt x 200.13283pt.

Overfull \hbox (75.34552pt too wide) in paragraph at lines 279--280
 [][] 
 []

[22]
Underfull \hbox (badness 10000) in paragraph at lines 284--286

 []


Underfull \hbox (badness 10000) in paragraph at lines 287--289

 []


Underfull \hbox (badness 10000) in paragraph at lines 293--295

 []

[23 <./Screenshot_22.png>]
Underfull \hbox (badness 10000) in paragraph at lines 296--298

 []

<Screenshot_23.png, id=127, 203.25937pt x 225.84375pt>
File: Screenshot_23.png Graphic file (type png)
<use Screenshot_23.png>
Package pdftex.def Info: Screenshot_23.png  used on input line 301.
(pdftex.def)             Requested size: 182.93173pt x 203.25748pt.
<Screenshot_24.png, id=128, 203.25937pt x 225.84375pt>
File: Screenshot_24.png Graphic file (type png)
<use Screenshot_24.png>
Package pdftex.def Info: Screenshot_24.png  used on input line 302.
(pdftex.def)             Requested size: 182.93173pt x 203.25748pt.
<Screenshot_25.png, id=129, 404.26031pt x 76.03406pt>
File: Screenshot_25.png Graphic file (type png)
<use Screenshot_25.png>
Package pdftex.def Info: Screenshot_25.png  used on input line 308.
(pdftex.def)             Requested size: 363.83092pt x 68.43001pt.
[24 <./Screenshot_23.png> <./Screenshot_24.png>]
Underfull \hbox (badness 10000) in paragraph at lines 315--317

 []


Underfull \hbox (badness 10000) in paragraph at lines 318--320

 []


Underfull \hbox (badness 10000) in paragraph at lines 321--323

 []

[25 <./Screenshot_25.png>]
<Screenshoot_26.jpg, id=140, 502.0356pt x 339.1872pt>
File: Screenshoot_26.jpg Graphic file (type jpg)
<use Screenshoot_26.jpg>
Package pdftex.def Info: Screenshoot_26.jpg  used on input line 326.
(pdftex.def)             Requested size: 376.52577pt x 254.38977pt.

Underfull \hbox (badness 10000) in paragraph at lines 337--339

 []

[26 <./Screenshoot_26.jpg>]
Underfull \hbox (badness 10000) in paragraph at lines 340--342

 []

<Guía de decisión de ficheros.png, id=144, 770.88pt x 578.16pt>
File: Guía de decisión de ficheros.png Graphic file (type png)
<use Guía de decisión de ficheros.png>
Package pdftex.def Info: Guía de decisión de ficheros.png  used on input line
 355.
(pdftex.def)             Requested size: 385.43906pt x 289.07928pt.
[27]
Underfull \hbox (badness 10000) in paragraph at lines 359--361

 []

File: Screenshot_25.png Graphic file (type png)
<use Screenshot_25.png>
Package pdftex.def Info: Screenshot_25.png  used on input line 364.
(pdftex.def)             Requested size: 404.25932pt x 76.03386pt.

Overfull \hbox (14.25932pt too wide) in paragraph at lines 364--365
 [][] 
 []

[28 <./Guía de decisión de ficheros.png>]
Underfull \hbox (badness 10000) in paragraph at lines 376--378

 []


Underfull \hbox (badness 10000) in paragraph at lines 379--381

 []


Underfull \hbox (badness 10000) in paragraph at lines 382--384

 []


Underfull \hbox (badness 10000) in paragraph at lines 385--387

 []

[29]
Underfull \hbox (badness 10000) in paragraph at lines 388--390

 []


Underfull \hbox (badness 10000) in paragraph at lines 391--393

 []

<Cargar PDB.jpg, id=155, 845.26315pt x 597.60106pt>
File: Cargar PDB.jpg Graphic file (type jpg)
<use Cargar PDB.jpg>
Package pdftex.def Info: Cargar PDB.jpg  used on input line 398.
(pdftex.def)             Requested size: 287.38567pt x 203.18167pt.
[30 <./Cargar PDB.jpg>]
Underfull \hbox (badness 10000) in paragraph at lines 407--409

 []


Underfull \hbox (badness 10000) in paragraph at lines 410--412

 []

<Screenshot_28.png, id=160, 742.27313pt x 334.24875pt>
File: Screenshot_28.png Graphic file (type png)
<use Screenshot_28.png>
Package pdftex.def Info: Screenshot_28.png  used on input line 417.
(pdftex.def)             Requested size: 445.36732pt x 200.55078pt.

Overfull \hbox (55.36732pt too wide) in paragraph at lines 417--418
 [][] 
 []

[31]
<Screenshot_42.png, id=165, 496.85625pt x 337.26pt>
File: Screenshot_42.png Graphic file (type png)
<use Screenshot_42.png>
Package pdftex.def Info: Screenshot_42.png  used on input line 424.
(pdftex.def)             Requested size: 253.39333pt x 172.00032pt.

Underfull \hbox (badness 10000) in paragraph at lines 431--433

 []

[32 <./Screenshot_28.png> <./Screenshot_42.png>]
Underfull \hbox (badness 10000) in paragraph at lines 434--436

 []

<unnamed.png, id=171, 513.92pt x 221.82875pt>
File: unnamed.png Graphic file (type png)
<use unnamed.png>
Package pdftex.def Info: unnamed.png  used on input line 439.
(pdftex.def)             Requested size: 308.35437pt x 133.09825pt.

Underfull \hbox (badness 10000) in paragraph at lines 444--446

 []

<figurenew.jpg, id=172, 390.45876pt x 401.5pt>
File: figurenew.jpg Graphic file (type jpg)
<use figurenew.jpg>
Package pdftex.def Info: figurenew.jpg  used on input line 449.
(pdftex.def)             Requested size: 234.27705pt x 223.83008pt.
[33 <./unnamed.png>]
Underfull \hbox (badness 10000) in paragraph at lines 452--454

 []

<diedro.jpg, id=178, 72.27pt x 63.5976pt>
File: diedro.jpg Graphic file (type jpg)
<use diedro.jpg>
Package pdftex.def Info: diedro.jpg  used on input line 459.
(pdftex.def)             Requested size: 216.80942pt x 190.79228pt.
[34 <./figurenew.jpg>]
<Screenshot_47.png, id=183, 800.23969pt x 411.03563pt>
File: Screenshot_47.png Graphic file (type png)
<use Screenshot_47.png>
Package pdftex.def Info: Screenshot_47.png  used on input line 479.
(pdftex.def)             Requested size: 400.11887pt x 205.5173pt.

Overfull \hbox (10.11887pt too wide) in paragraph at lines 479--480
 [][] 
 []

[35 <./diedro.jpg>]
Underfull \hbox (badness 10000) in paragraph at lines 483--485

 []


Underfull \hbox (badness 10000) in paragraph at lines 504--506

 []

[36 <./Screenshot_47.png>]
Underfull \hbox (badness 10000) in paragraph at lines 507--509

 []


Underfull \hbox (badness 10000) in paragraph at lines 510--512

 []


Underfull \hbox (badness 10000) in paragraph at lines 513--515

 []

<Screenshot_48.png, id=193, 778.40813pt x 395.97937pt>
File: Screenshot_48.png Graphic file (type png)
<use Screenshot_48.png>
Package pdftex.def Info: Screenshot_48.png  used on input line 518.
(pdftex.def)             Requested size: 350.28043pt x 178.18907pt.
[37]
<Screenshot_49.png, id=198, 323.70938pt x 225.84375pt>
File: Screenshot_49.png Graphic file (type png)
<use Screenshot_49.png>
Package pdftex.def Info: Screenshot_49.png  used on input line 528.
(pdftex.def)             Requested size: 194.22713pt x 135.50728pt.

Overfull \hbox (3.12498pt too wide) in paragraph at lines 528--529
[][]  
 []

<Screenshot_50.png, id=199, 323.70938pt x 225.84375pt>
File: Screenshot_50.png Graphic file (type png)
<use Screenshot_50.png>
Package pdftex.def Info: Screenshot_50.png  used on input line 532.
(pdftex.def)             Requested size: 194.22713pt x 135.50728pt.

Overfull \hbox (3.12498pt too wide) in paragraph at lines 532--533
 [][]
 []


Underfull \hbox (badness 10000) in paragraph at lines 538--540

 []

[38 <./Screenshot_48.png> <./Screenshot_49.png> <./Screenshot_50.png>]
Underfull \hbox (badness 10000) in paragraph at lines 541--543

 []


Underfull \hbox (badness 10000) in paragraph at lines 556--558

 []


Underfull \hbox (badness 10000) in paragraph at lines 559--561

 []


Underfull \hbox (badness 10000) in paragraph at lines 562--564

 []

[39]
Underfull \hbox (badness 10000) in paragraph at lines 589--591

 []

<Screenshot_36.png, id=209, 973.38657pt x 434.37282pt>
File: Screenshot_36.png Graphic file (type png)
<use Screenshot_36.png>
Package pdftex.def Info: Screenshot_36.png  used on input line 596.
(pdftex.def)             Requested size: 486.6921pt x 217.18587pt.

Overfull \hbox (96.6921pt too wide) in paragraph at lines 596--597
 [][] 
 []

[40]
<Screenshot_37.png, id=214, 338.76563pt x 338.76563pt>
File: Screenshot_37.png Graphic file (type png)
<use Screenshot_37.png>
Package pdftex.def Info: Screenshot_37.png  used on input line 604.
(pdftex.def)             Requested size: 169.38239pt x 169.38239pt.

Underfull \hbox (badness 10000) in paragraph at lines 611--613

 []

[41 <./Screenshot_36.png> <./Screenshot_37.png>]
Underfull \hbox (badness 10000) in paragraph at lines 614--616

 []


Underfull \hbox (badness 10000) in paragraph at lines 617--619

 []

<formula1.png, id=220, 240.9pt x 57.96657pt>
File: formula1.png Graphic file (type png)
<use formula1.png>
Package pdftex.def Info: formula1.png  used on input line 622.
(pdftex.def)             Requested size: 192.72025pt x 46.3733pt.
<Screenshot_43.png, id=221, 599.99156pt x 315.42844pt>
File: Screenshot_43.png Graphic file (type png)
<use Screenshot_43.png>
Package pdftex.def Info: Screenshot_43.png  used on input line 630.
(pdftex.def)             Requested size: 479.9939pt x 252.34308pt.

Overfull \hbox (89.9939pt too wide) in paragraph at lines 630--631
 [][] 
 []

[42 <./formula1.png>]
Underfull \hbox (badness 10000) in paragraph at lines 636--638

 []


Underfull \hbox (badness 10000) in paragraph at lines 639--641

 []

<fe.png, id=225, 1204.5pt x 664.4825pt>
File: fe.png Graphic file (type png)
<use fe.png>
Package pdftex.def Info: fe.png  used on input line 645.
(pdftex.def)             Requested size: 240.89574pt x 132.89413pt.
<ti.png, id=226, 1204.5pt x 569.12625pt>
File: ti.png Graphic file (type png)
<use ti.png>
Package pdftex.def Info: ti.png  used on input line 649.
(pdftex.def)             Requested size: 301.12427pt x 142.2812pt.
[43 <./Screenshot_43.png>]
Underfull \hbox (badness 10000) in paragraph at lines 653--655

 []

[44 <./fe.png> <./ti.png>]
<Screenshot_44.png, id=237, 487.8225pt x 275.52937pt>
File: Screenshot_44.png Graphic file (type png)
<use Screenshot_44.png>
Package pdftex.def Info: Screenshot_44.png  used on input line 675.
(pdftex.def)             Requested size: 341.47342pt x 192.86923pt.
<Screenshot_45.png, id=238, 477.28313pt x 103.88812pt>
File: Screenshot_45.png Graphic file (type png)
<use Screenshot_45.png>
Package pdftex.def Info: Screenshot_45.png  used on input line 682.
(pdftex.def)             Requested size: 334.0959pt x 72.72118pt.
<mut.png, id=239, 301.125pt x 188.20313pt>
File: mut.png Graphic file (type png)
<use mut.png>
Package pdftex.def Info: mut.png  used on input line 691.
(pdftex.def)             Requested size: 271.00998pt x 169.38123pt.
<nomut.png, id=240, 301.125pt x 188.20313pt>
File: nomut.png Graphic file (type png)
<use nomut.png>
Package pdftex.def Info: nomut.png  used on input line 692.
(pdftex.def)             Requested size: 271.00998pt x 169.38123pt.
 [45 <./Screenshot_44.png> <./Screenshot_45.png>]
Underfull \hbox (badness 10000) in paragraph at lines 698--700

 []


Underfull \hbox (badness 10000) in paragraph at lines 701--703

 []

[46 <./mut.png> <./nomut.png>]
Underfull \hbox (badness 10000) in paragraph at lines 704--706

 []

<Screenshot_38.png, id=251, 626.34pt x 334.24875pt>
File: Screenshot_38.png Graphic file (type png)
<use Screenshot_38.png>
Package pdftex.def Info: Screenshot_38.png  used on input line 711.
(pdftex.def)             Requested size: 313.16922pt x 167.12396pt.
<Screenshot_39.png, id=252, 630.10406pt x 349.305pt>
File: Screenshot_39.png Graphic file (type png)
<use Screenshot_39.png>
Package pdftex.def Info: Screenshot_39.png  used on input line 715.
(pdftex.def)             Requested size: 315.05125pt x 174.65207pt.
<Screenshot_40.png, id=253, 630.85687pt x 351.56343pt>
File: Screenshot_40.png Graphic file (type png)
<use Screenshot_40.png>
Package pdftex.def Info: Screenshot_40.png  used on input line 719.
(pdftex.def)             Requested size: 315.42766pt x 175.78128pt.
[47 <./Screenshot_38.png> <./Screenshot_39.png>]
Underfull \hbox (badness 10000) in paragraph at lines 730--732

 []


Underfull \hbox (badness 10000) in paragraph at lines 733--735

 []

[48 <./Screenshot_40.png>]
Underfull \hbox (badness 10000) in paragraph at lines 736--738

 []


Underfull \hbox (badness 10000) in paragraph at lines 739--741

 []


Underfull \hbox (badness 10000) in paragraph at lines 760--762

 []

<Screenshot_46.png, id=263, 701.62125pt x 434.37282pt>
File: Screenshot_46.png Graphic file (type png)
<use Screenshot_46.png>
Package pdftex.def Info: Screenshot_46.png  used on input line 767.
(pdftex.def)             Requested size: 420.97598pt x 260.62569pt.

Overfull \hbox (30.97598pt too wide) in paragraph at lines 767--768
 [][] 
 []

[49] [50 <./Screenshot_46.png>] (ing_protes.bbl [51]) [52] (ing_protes.aux
LaTeX Info: Redefining \. on input line 7.
LaTeX Info: Redefining \% on input line 7.
) ) 
Here is how much of TeX's memory you used:
 4350 strings out of 480898
 68570 string characters out of 2897826
 316817 words of memory out of 3000000
 20219 multiletter control sequences out of 15000+200000
 538190 words of font info for 43 fonts, out of 3000000 for 9000
 1141 hyphenation exceptions out of 8191
 41i,13n,42p,914b,374s stack positions out of 5000i,500n,10000p,200000b,50000s
{C:/Users/Juanma/AppData/Local/Programs/MiKTeX 2.9/fonts/enc/dvips/cm-super/
cm-super-ts1.enc}<C:/Users/Juanma/AppData/Local/Programs/MiKTeX 2.9/fonts/type1
/public/amsfonts/cm/cmbx12.pfb><C:/Users/Juanma/AppData/Local/Programs/MiKTeX 2
.9/fonts/type1/public/amsfonts/cm/cmex10.pfb><C:/Users/Juanma/AppData/Local/Pro
grams/MiKTeX 2.9/fonts/type1/public/amsfonts/cm/cmmi12.pfb><C:/Users/Juanma/App
Data/Local/Programs/MiKTeX 2.9/fonts/type1/public/amsfonts/cm/cmmi8.pfb><C:/Use
rs/Juanma/AppData/Local/Programs/MiKTeX 2.9/fonts/type1/public/amsfonts/cm/cmr1
2.pfb><C:/Users/Juanma/AppData/Local/Programs/MiKTeX 2.9/fonts/type1/public/ams
fonts/cm/cmr17.pfb><C:/Users/Juanma/AppData/Local/Programs/MiKTeX 2.9/fonts/typ
e1/public/amsfonts/cm/cmr8.pfb><C:/Users/Juanma/AppData/Local/Programs/MiKTeX 2
.9/fonts/type1/public/amsfonts/cm/cmsy10.pfb><C:/Users/Juanma/AppData/Local/Pro
grams/MiKTeX 2.9/fonts/type1/public/amsfonts/cm/cmsy8.pfb><C:/Users/Juanma/AppD
ata/Local/Programs/MiKTeX 2.9/fonts/type1/public/amsfonts/cm/cmti12.pfb><C:/Use
rs/Juanma/AppData/Local/Programs/MiKTeX 2.9/fonts/type1/public/cm-super/sfrm120
0.pfb>
Output written on ing_protes.pdf (52 pages, 4260610 bytes).
PDF statistics:
 319 PDF objects out of 1000 (max. 8388607)
 0 named destinations out of 1000 (max. 500000)
 280 words of extra memory for PDF output out of 10000 (max. 10000000)

